TN:
SF:src\router.ts
FN:33,(anonymous_0)
FN:53,(anonymous_1)
FNF:2
FNH:2
FNDA:4,(anonymous_0)
FNDA:7,(anonymous_1)
DA:1,2
DA:2,2
DA:10,2
DA:11,2
DA:13,2
DA:15,2
DA:17,2
DA:24,2
DA:33,4
DA:43,2
DA:53,7
DA:64,2
DA:71,2
DA:78,2
LF:14
LH:14
BRF:0
BRH:0
end_of_record
TN:
SF:src\server.ts
FN:6,connectDB
FN:24,(anonymous_2)
FNF:2
FNH:2
FNDA:3,connectDB
FNDA:1,(anonymous_2)
DA:1,2
DA:2,2
DA:3,2
DA:4,2
DA:6,2
DA:7,3
DA:8,3
DA:9,2
DA:10,2
DA:12,1
DA:13,1
DA:16,2
DA:18,2
DA:20,2
DA:22,2
DA:24,2
DA:25,1
DA:28,2
LF:18
LH:18
BRF:0
BRH:0
end_of_record
TN:
SF:src\config\db.ts
FNF:0
FNH:0
DA:1,2
DA:2,2
DA:4,2
DA:6,2
DA:11,2
LF:5
LH:5
BRF:0
BRH:0
end_of_record
TN:
SF:src\handlers\products.ts
FN:4,(anonymous_1)
FN:11,(anonymous_2)
FN:22,(anonymous_3)
FN:27,(anonymous_4)
FN:41,(anonymous_5)
FN:55,(anonymous_6)
FNF:6
FNH:6
FNDA:1,(anonymous_1)
FNDA:2,(anonymous_2)
FNDA:1,(anonymous_3)
FNDA:3,(anonymous_4)
FNDA:1,(anonymous_5)
FNDA:2,(anonymous_6)
DA:2,2
DA:4,2
DA:5,1
DA:8,1
DA:11,2
DA:12,2
DA:13,2
DA:15,2
DA:16,1
DA:19,1
DA:22,2
DA:23,1
DA:24,1
DA:27,2
DA:28,3
DA:29,3
DA:31,3
DA:32,1
DA:35,2
DA:36,2
DA:38,2
DA:41,2
DA:42,1
DA:43,1
DA:45,1
DA:46,1
DA:49,0
DA:50,0
DA:52,0
DA:55,2
DA:56,2
DA:57,2
DA:59,2
DA:60,1
DA:63,1
DA:64,1
DA:66,1
LF:37
LH:34
BRDA:15,0,0,1
BRDA:31,1,0,1
BRDA:45,2,0,1
BRDA:59,3,0,1
BRF:4
BRH:4
end_of_record
TN:
SF:src\middleware\index.ts
FN:4,(anonymous_0)
FNF:1
FNH:1
FNDA:19,(anonymous_0)
DA:1,2
DA:4,2
DA:9,19
DA:10,19
DA:11,10
DA:14,9
LF:6
LH:6
BRDA:10,0,0,10
BRF:1
BRH:1
end_of_record
TN:
SF:src\models\Product.model.ts
FNF:0
FNH:0
DA:1,3
DA:6,3
DA:10,3
DA:15,3
DA:21,3
DA:24,3
LF:6
LH:6
BRF:0
BRH:0
end_of_record
